<?xml version="1.0" encoding="UTF-8"?>
<testsuites name="Media Monitoring" time="5.695" tests="2" failures="0" errors="1">
   <testsuite name="Media Monitoring" tests="2" failures="0" errors="1" time="5.695" skipped="0" timestamp="2022-01-26 14:34:24" hostname="alalzabarga - 192.168.1.17" id="Test Suites/Media Monitoring">
      <properties>
         <property name="deviceName" value=""/>
         <property name="devicePlatform" value=""/>
         <property name="logFolder" value="/Users/alalzabarga/git/mediaProject/Reports/20220126_143418/Media Monitoring/20220126_143418"/>
         <property name="logFiles" value="/Users/alalzabarga/git/mediaProject/Reports/20220126_143418/Media Monitoring/20220126_143418/execution0.log"/>
         <property name="attachments" value=""/>
         <property name="hostName" value="alalzabarga - 192.168.1.17"/>
         <property name="hostAddress" value="192.168.1.17"/>
         <property name="os" value="Mac OS X 64bit"/>
         <property name="katalonVersion" value="8.2.5.208"/>
      </properties>
      <testcase name="Test Cases/CheckClips" time="3.658" classname="Test Cases/CheckClips" status="ERROR">
         <error type="ERROR" message="Test Cases/CheckClips FAILED.
Reason:
org.codehaus.groovy.control.MultipleCompilationErrorsException: startup failed:
file:/Users/alalzabarga/git/mediaProject/Scripts/CheckClips/Script1556616209170.groovy: 32: unable to resolve class ClipsPassedResult 
 @ line 32, column 23.
       ClipsPassedResult passedResult = new ClipsPassedResult()
                         ^

file:/Users/alalzabarga/git/mediaProject/Scripts/CheckClips/Script1556616209170.groovy: 32: unable to resolve class ClipsPassedResult 
 @ line 32, column 38.
       ClipsPassedResult passedResult = new ClipsPassedResult()
                                        ^

file:/Users/alalzabarga/git/mediaProject/Scripts/CheckClips/Script1556616209170.groovy: 34: unable to resolve class ClipsFailedResult 
 @ line 34, column 23.
       ClipsFailedResult failedResult = new ClipsFailedResult()
                         ^

file:/Users/alalzabarga/git/mediaProject/Scripts/CheckClips/Script1556616209170.groovy: 34: unable to resolve class ClipsFailedResult 
 @ line 34, column 38.
       ClipsFailedResult failedResult = new ClipsFailedResult()
                                        ^

4 errors

	at com.kms.katalon.core.main.ScriptEngine.getScript(ScriptEngine.java:199)
	at com.kms.katalon.core.main.ScriptEngine.run(ScriptEngine.java:194)
	at com.kms.katalon.core.main.ScriptEngine.runScriptAsRawText(ScriptEngine.java:119)
	at com.kms.katalon.core.main.TestCaseExecutor.runScript(TestCaseExecutor.java:442)
	at com.kms.katalon.core.main.TestCaseExecutor.doExecute(TestCaseExecutor.java:433)
	at com.kms.katalon.core.main.TestCaseExecutor.processExecutionPhase(TestCaseExecutor.java:412)
	at com.kms.katalon.core.main.TestCaseExecutor.accessMainPhase(TestCaseExecutor.java:404)
	at com.kms.katalon.core.main.TestCaseExecutor.execute(TestCaseExecutor.java:281)
	at com.kms.katalon.core.main.TestSuiteExecutor.accessTestCaseMainPhase(TestSuiteExecutor.java:202)
	at com.kms.katalon.core.main.TestSuiteExecutor.accessTestSuiteMainPhase(TestSuiteExecutor.java:164)
	at com.kms.katalon.core.main.TestSuiteExecutor.execute(TestSuiteExecutor.java:105)
	at com.kms.katalon.core.main.TestCaseMain.startTestSuite(TestCaseMain.java:185)
	at com.kms.katalon.core.main.TestCaseMain$startTestSuite$0.call(Unknown Source)
	at TempTestSuite1643200458149.run(TempTestSuite1643200458149.groovy:36)
"/>
         <system-out><![CDATA[2022-01-26 14:34:24 - [TEST_CASE][ERROR] - Test Cases/CheckClips: Test Cases/CheckClips FAILED.
Reason:
org.codehaus.groovy.control.MultipleCompilationErrorsException: startup failed:
file:/Users/alalzabarga/git/mediaProject/Scripts/CheckClips/Script1556616209170.groovy: 32: unable to resolve class ClipsPassedResult 
 @ line 32, column 23.
       ClipsPassedResult passedResult = new ClipsPassedResult()
                         ^

file:/Users/alalzabarga/git/mediaProject/Scripts/CheckClips/Script1556616209170.groovy: 32: unable to resolve class ClipsPassedResult 
 @ line 32, column 38.
       ClipsPassedResult passedResult = new ClipsPassedResult()
                                        ^

file:/Users/alalzabarga/git/mediaProject/Scripts/CheckClips/Script1556616209170.groovy: 34: unable to resolve class ClipsFailedResult 
 @ line 34, column 23.
       ClipsFailedResult failedResult = new ClipsFailedResult()
                         ^

file:/Users/alalzabarga/git/mediaProject/Scripts/CheckClips/Script1556616209170.groovy: 34: unable to resolve class ClipsFailedResult 
 @ line 34, column 38.
       ClipsFailedResult failedResult = new ClipsFailedResult()
                                        ^

4 errors

	at com.kms.katalon.core.main.ScriptEngine.getScript(ScriptEngine.java:199)
	at com.kms.katalon.core.main.ScriptEngine.run(ScriptEngine.java:194)
	at com.kms.katalon.core.main.ScriptEngine.runScriptAsRawText(ScriptEngine.java:119)
	at com.kms.katalon.core.main.TestCaseExecutor.runScript(TestCaseExecutor.java:442)
	at com.kms.katalon.core.main.TestCaseExecutor.doExecute(TestCaseExecutor.java:433)
	at com.kms.katalon.core.main.TestCaseExecutor.processExecutionPhase(TestCaseExecutor.java:412)
	at com.kms.katalon.core.main.TestCaseExecutor.accessMainPhase(TestCaseExecutor.java:404)
	at com.kms.katalon.core.main.TestCaseExecutor.execute(TestCaseExecutor.java:281)
	at com.kms.katalon.core.main.TestSuiteExecutor.accessTestCaseMainPhase(TestSuiteExecutor.java:202)
	at com.kms.katalon.core.main.TestSuiteExecutor.accessTestSuiteMainPhase(TestSuiteExecutor.java:164)
	at com.kms.katalon.core.main.TestSuiteExecutor.execute(TestSuiteExecutor.java:105)
	at com.kms.katalon.core.main.TestCaseMain.startTestSuite(TestCaseMain.java:185)
	at com.kms.katalon.core.main.TestCaseMain$startTestSuite$0.call(Unknown Source)
	at TempTestSuite1643200458149.run(TempTestSuite1643200458149.groovy:36)


2022-01-26 14:34:25 - [TEST_STEP][PASSED] - Start listener action : sampleBeforeTestCase: Call Test Case 'Test Cases/getToken' successfully

2022-01-26 14:34:25 - [TEST_STEP][PASSED] - callTestCase(findTestCase("getToken"), [:], STOP_ON_FAILURE): Call Test Case 'Test Cases/getToken' successfully

2022-01-26 14:34:25 - [TEST_CASE][PASSED] - Test Cases/getToken: Test Cases/getToken

2022-01-26 14:34:25 - [TEST_STEP][PASSED] - Ssession = SendMediaReq().getSssesion(): Test object id is null

2022-01-26 14:34:26 - [MESSAGE][INFO] - HAR: /Users/alalzabarga/git/mediaProject/Reports/20220126_143418/Media Monitoring/20220126_143418/requests/main/0.har

2022-01-26 14:34:26 - [MESSAGE][PASSED] - Send request successfully

2022-01-26 14:34:26 - [MESSAGE][WARNING] - Test object id is null

2022-01-26 14:34:27 - [MESSAGE][WARNING] - Test object id is null

2022-01-26 14:34:27 - [TEST_STEP][PASSED] - println("Ssession:: " + Ssession): null

2022-01-26 14:34:27 - [TEST_STEP][PASSED] - count = 4: null

2022-01-26 14:34:27 - [TEST_STEP][PASSED] - for ([i = 0, i < count, (i++)]): null

2022-01-26 14:34:27 - [TEST_STEP][PASSED] - authenticate = sendRequest(findTestObject("Object Repository/newPostmanAPIs/validateLogin", ["ssession":Ssession])): Send request successfully

2022-01-26 14:34:28 - [MESSAGE][INFO] - HAR: /Users/alalzabarga/git/mediaProject/Reports/20220126_143418/Media Monitoring/20220126_143418/requests/main/1.har

2022-01-26 14:34:28 - [MESSAGE][PASSED] - Send request successfully

2022-01-26 14:34:28 - [TEST_STEP][PASSED] - println("authenticate:: " + authenticate): null

2022-01-26 14:34:28 - [TEST_STEP][PASSED] - try: null

2022-01-26 14:34:28 - [TEST_STEP][PASSED] - verifyResponseStatusCode(authenticate, 200): Verify response status code successfully

2022-01-26 14:34:28 - [MESSAGE][PASSED] - Verify response status code successfully

2022-01-26 14:34:28 - [TEST_STEP][PASSED] - user = new org.json.JSONObject(authenticate.responseBodyContent): null

2022-01-26 14:34:28 - [TEST_STEP][PASSED] - token = get("user").get("sessionId"): null

2022-01-26 14:34:28 - [TEST_STEP][PASSED] - userId = get("user").get("id"): null

2022-01-26 14:34:28 - [TEST_STEP][PASSED] - userEmail = get("user").get("email"): null

2022-01-26 14:34:28 - [TEST_STEP][PASSED] - Token = token: null

2022-01-26 14:34:28 - [TEST_STEP][PASSED] - println("tokenValue::" + Token): null

2022-01-26 14:34:28 - [TEST_STEP][PASSED] - userId = userId: null

2022-01-26 14:34:28 - [TEST_STEP][PASSED] - userEmail = userEmail: null

2022-01-26 14:34:28 - [TEST_STEP][PASSED] - markPassed("Response status codes match"): Response status codes match

2022-01-26 14:34:28 - [MESSAGE][PASSED] - Response status codes match

2022-01-26 14:34:28 - [TEST_STEP][PASSED] - break: null

2022-01-26 14:34:28 - [MESSAGE][PASSED] - Call Test Case 'Test Cases/getToken' successfully

2022-01-26 14:34:28 - [TEST_STEP][PASSED] - Start listener action : sampleAfterTestCase: null

2022-01-26 14:34:28 - [TEST_STEP][PASSED] - println("testCaseContext.getTestCaseId():: " + testCaseContext.getTestCaseId()): null

2022-01-26 14:34:28 - [TEST_STEP][PASSED] - if (!(getTestCaseId().contains("sendEmailtest") || getTestCaseId().contains("Result") || getTestCaseId().contains("getDrmToken") || getTestCaseId().contains("getiTuensBaseToken") || getTestCaseId().contains("getSsession"))): null

2022-01-26 14:34:28 - [TEST_STEP][PASSED] - if (testCaseContext.getTestCaseStatus() == "FAILED"): null]]></system-out>
         <system-err><![CDATA[2022-01-26 14:34:24 - [TEST_CASE][ERROR] - Test Cases/CheckClips: Test Cases/CheckClips FAILED.
Reason:
org.codehaus.groovy.control.MultipleCompilationErrorsException: startup failed:
file:/Users/alalzabarga/git/mediaProject/Scripts/CheckClips/Script1556616209170.groovy: 32: unable to resolve class ClipsPassedResult 
 @ line 32, column 23.
       ClipsPassedResult passedResult = new ClipsPassedResult()
                         ^

file:/Users/alalzabarga/git/mediaProject/Scripts/CheckClips/Script1556616209170.groovy: 32: unable to resolve class ClipsPassedResult 
 @ line 32, column 38.
       ClipsPassedResult passedResult = new ClipsPassedResult()
                                        ^

file:/Users/alalzabarga/git/mediaProject/Scripts/CheckClips/Script1556616209170.groovy: 34: unable to resolve class ClipsFailedResult 
 @ line 34, column 23.
       ClipsFailedResult failedResult = new ClipsFailedResult()
                         ^

file:/Users/alalzabarga/git/mediaProject/Scripts/CheckClips/Script1556616209170.groovy: 34: unable to resolve class ClipsFailedResult 
 @ line 34, column 38.
       ClipsFailedResult failedResult = new ClipsFailedResult()
                                        ^

4 errors

	at com.kms.katalon.core.main.ScriptEngine.getScript(ScriptEngine.java:199)
	at com.kms.katalon.core.main.ScriptEngine.run(ScriptEngine.java:194)
	at com.kms.katalon.core.main.ScriptEngine.runScriptAsRawText(ScriptEngine.java:119)
	at com.kms.katalon.core.main.TestCaseExecutor.runScript(TestCaseExecutor.java:442)
	at com.kms.katalon.core.main.TestCaseExecutor.doExecute(TestCaseExecutor.java:433)
	at com.kms.katalon.core.main.TestCaseExecutor.processExecutionPhase(TestCaseExecutor.java:412)
	at com.kms.katalon.core.main.TestCaseExecutor.accessMainPhase(TestCaseExecutor.java:404)
	at com.kms.katalon.core.main.TestCaseExecutor.execute(TestCaseExecutor.java:281)
	at com.kms.katalon.core.main.TestSuiteExecutor.accessTestCaseMainPhase(TestSuiteExecutor.java:202)
	at com.kms.katalon.core.main.TestSuiteExecutor.accessTestSuiteMainPhase(TestSuiteExecutor.java:164)
	at com.kms.katalon.core.main.TestSuiteExecutor.execute(TestSuiteExecutor.java:105)
	at com.kms.katalon.core.main.TestCaseMain.startTestSuite(TestCaseMain.java:185)
	at com.kms.katalon.core.main.TestCaseMain$startTestSuite$0.call(Unknown Source)
	at TempTestSuite1643200458149.run(TempTestSuite1643200458149.groovy:36)]]></system-err>
      </testcase>
      <testcase name="Test Cases/SendEmail" time="1.877" classname="Test Cases/SendEmail" status="PASSED">
         <system-out><![CDATA[2022-01-26 14:34:28 - [TEST_CASE][PASSED] - Test Cases/SendEmail: Test Cases/SendEmail

2022-01-26 14:34:28 - [TEST_STEP][PASSED] - Start listener action : sampleBeforeTestCase: Call Test Case 'Test Cases/getToken' successfully

2022-01-26 14:34:28 - [TEST_STEP][PASSED] - callTestCase(findTestCase("getToken"), [:], STOP_ON_FAILURE): Call Test Case 'Test Cases/getToken' successfully

2022-01-26 14:34:28 - [TEST_CASE][PASSED] - Test Cases/getToken: Test Cases/getToken

2022-01-26 14:34:28 - [TEST_STEP][PASSED] - Ssession = SendMediaReq().getSssesion(): Send request successfully

2022-01-26 14:34:29 - [MESSAGE][INFO] - HAR: /Users/alalzabarga/git/mediaProject/Reports/20220126_143418/Media Monitoring/20220126_143418/requests/main/2.har

2022-01-26 14:34:29 - [MESSAGE][PASSED] - Send request successfully

2022-01-26 14:34:29 - [TEST_STEP][PASSED] - println("Ssession:: " + Ssession): null

2022-01-26 14:34:29 - [TEST_STEP][PASSED] - count = 4: null

2022-01-26 14:34:29 - [TEST_STEP][PASSED] - for ([i = 0, i < count, (i++)]): null

2022-01-26 14:34:29 - [TEST_STEP][PASSED] - authenticate = sendRequest(findTestObject("Object Repository/newPostmanAPIs/validateLogin", ["ssession":Ssession])): Send request successfully

2022-01-26 14:34:30 - [MESSAGE][INFO] - HAR: /Users/alalzabarga/git/mediaProject/Reports/20220126_143418/Media Monitoring/20220126_143418/requests/main/3.har

2022-01-26 14:34:30 - [MESSAGE][PASSED] - Send request successfully

2022-01-26 14:34:30 - [TEST_STEP][PASSED] - println("authenticate:: " + authenticate): null

2022-01-26 14:34:30 - [TEST_STEP][PASSED] - try: null

2022-01-26 14:34:30 - [TEST_STEP][PASSED] - verifyResponseStatusCode(authenticate, 200): Verify response status code successfully

2022-01-26 14:34:30 - [MESSAGE][PASSED] - Verify response status code successfully

2022-01-26 14:34:30 - [TEST_STEP][PASSED] - user = new org.json.JSONObject(authenticate.responseBodyContent): null

2022-01-26 14:34:30 - [TEST_STEP][PASSED] - token = get("user").get("sessionId"): null

2022-01-26 14:34:30 - [TEST_STEP][PASSED] - userId = get("user").get("id"): null

2022-01-26 14:34:30 - [TEST_STEP][PASSED] - userEmail = get("user").get("email"): null

2022-01-26 14:34:30 - [TEST_STEP][PASSED] - Token = token: null

2022-01-26 14:34:30 - [TEST_STEP][PASSED] - println("tokenValue::" + Token): null

2022-01-26 14:34:30 - [TEST_STEP][PASSED] - userId = userId: null

2022-01-26 14:34:30 - [TEST_STEP][PASSED] - userEmail = userEmail: null

2022-01-26 14:34:30 - [TEST_STEP][PASSED] - markPassed("Response status codes match"): Response status codes match

2022-01-26 14:34:30 - [MESSAGE][PASSED] - Response status codes match

2022-01-26 14:34:30 - [TEST_STEP][PASSED] - break: null

2022-01-26 14:34:30 - [MESSAGE][PASSED] - Call Test Case 'Test Cases/getToken' successfully

2022-01-26 14:34:30 - [TEST_STEP][PASSED] - ClipsFailedResult = getClipsFailedInstance().getClipsFailedResults(): null

2022-01-26 14:34:30 - [TEST_STEP][PASSED] - EpisodesFailedResult = getEpisodesFailedInstance().getEpisodesFailedResults(): null

2022-01-26 14:34:30 - [TEST_STEP][PASSED] - MoviesFailedResult = getMoviesFailedInstance().getMoviesFailedResults(): null

2022-01-26 14:34:30 - [TEST_STEP][PASSED] - ClipsFailedNum = ClipsFailedResult.size(): null

2022-01-26 14:34:30 - [TEST_STEP][PASSED] - EpisodesFailedNum = EpisodesFailedResult.size(): null

2022-01-26 14:34:30 - [TEST_STEP][PASSED] - MoviesFailedNum = MoviesFailedResult.size(): null

2022-01-26 14:34:30 - [TEST_STEP][PASSED] - println("ClipsFailedNum Size = " + ClipsFailedNum): null

2022-01-26 14:34:30 - [TEST_STEP][PASSED] - println("ClipsFailedNum Size = " + EpisodesFailedNum): null

2022-01-26 14:34:30 - [TEST_STEP][PASSED] - println("ClipsFailedNum Size = " + EpisodesFailedNum): null

2022-01-26 14:34:30 - [TEST_STEP][PASSED] - emailBody = "": null

2022-01-26 14:34:30 - [TEST_STEP][PASSED] - if (ClipsFailedNum > 0 || EpisodesFailedNum > 0 || EpisodesFailedNum > 0): null

2022-01-26 14:34:30 - [TEST_STEP][PASSED] - Start listener action : sampleAfterTestCase: null

2022-01-26 14:34:30 - [TEST_STEP][PASSED] - println("testCaseContext.getTestCaseId():: " + testCaseContext.getTestCaseId()): null

2022-01-26 14:34:30 - [TEST_STEP][PASSED] - if (!(getTestCaseId().contains("sendEmailtest") || getTestCaseId().contains("Result") || getTestCaseId().contains("getDrmToken") || getTestCaseId().contains("getiTuensBaseToken") || getTestCaseId().contains("getSsession"))): null

2022-01-26 14:34:30 - [TEST_STEP][PASSED] - if (testCaseContext.getTestCaseStatus() == "FAILED"): null

2022-01-26 14:34:30 - [TEST_STEP][PASSED] - else if (testCaseContext.getTestCaseStatus() == "PASSED"): null

2022-01-26 14:34:30 - [TEST_STEP][PASSED] - passedTestCases += 1: null

2022-01-26 14:34:30 - [TEST_STEP][PASSED] - println("testCaseContext:: PASSED:: GlobalVariable.passedTestCases::" + passedTestCases): null]]></system-out>
         <system-err><![CDATA[]]></system-err>
      </testcase>
      <system-out><![CDATA[2022-01-26 14:34:24 - [TEST_SUITE][ERROR] - Media Monitoring: Test Cases/CheckClips FAILED.
Reason:
org.codehaus.groovy.control.MultipleCompilationErrorsException: startup failed:
file:/Users/alalzabarga/git/mediaProject/Scripts/CheckClips/Script1556616209170.groovy: 32: unable to resolve class ClipsPassedResult 
 @ line 32, column 23.
       ClipsPassedResult passedResult = new ClipsPassedResult()
                         ^

file:/Users/alalzabarga/git/mediaProject/Scripts/CheckClips/Script1556616209170.groovy: 32: unable to resolve class ClipsPassedResult 
 @ line 32, column 38.
       ClipsPassedResult passedResult = new ClipsPassedResult()
                                        ^

file:/Users/alalzabarga/git/mediaProject/Scripts/CheckClips/Script1556616209170.groovy: 34: unable to resolve class ClipsFailedResult 
 @ line 34, column 23.
       ClipsFailedResult failedResult = new ClipsFailedResult()
                         ^

file:/Users/alalzabarga/git/mediaProject/Scripts/CheckClips/Script1556616209170.groovy: 34: unable to resolve class ClipsFailedResult 
 @ line 34, column 38.
       ClipsFailedResult failedResult = new ClipsFailedResult()
                                        ^

4 errors

	at com.kms.katalon.core.main.ScriptEngine.getScript(ScriptEngine.java:199)
	at com.kms.katalon.core.main.ScriptEngine.run(ScriptEngine.java:194)
	at com.kms.katalon.core.main.ScriptEngine.runScriptAsRawText(ScriptEngine.java:119)
	at com.kms.katalon.core.main.TestCaseExecutor.runScript(TestCaseExecutor.java:442)
	at com.kms.katalon.core.main.TestCaseExecutor.doExecute(TestCaseExecutor.java:433)
	at com.kms.katalon.core.main.TestCaseExecutor.processExecutionPhase(TestCaseExecutor.java:412)
	at com.kms.katalon.core.main.TestCaseExecutor.accessMainPhase(TestCaseExecutor.java:404)
	at com.kms.katalon.core.main.TestCaseExecutor.execute(TestCaseExecutor.java:281)
	at com.kms.katalon.core.main.TestSuiteExecutor.accessTestCaseMainPhase(TestSuiteExecutor.java:202)
	at com.kms.katalon.core.main.TestSuiteExecutor.accessTestSuiteMainPhase(TestSuiteExecutor.java:164)
	at com.kms.katalon.core.main.TestSuiteExecutor.execute(TestSuiteExecutor.java:105)
	at com.kms.katalon.core.main.TestCaseMain.startTestSuite(TestCaseMain.java:185)
	at com.kms.katalon.core.main.TestCaseMain$startTestSuite$0.call(Unknown Source)
	at TempTestSuite1643200458149.run(TempTestSuite1643200458149.groovy:36)]]></system-out>
      <system-err><![CDATA[2022-01-26 14:34:24 - [TEST_SUITE][ERROR] - Media Monitoring: Test Cases/CheckClips FAILED.
Reason:
org.codehaus.groovy.control.MultipleCompilationErrorsException: startup failed:
file:/Users/alalzabarga/git/mediaProject/Scripts/CheckClips/Script1556616209170.groovy: 32: unable to resolve class ClipsPassedResult 
 @ line 32, column 23.
       ClipsPassedResult passedResult = new ClipsPassedResult()
                         ^

file:/Users/alalzabarga/git/mediaProject/Scripts/CheckClips/Script1556616209170.groovy: 32: unable to resolve class ClipsPassedResult 
 @ line 32, column 38.
       ClipsPassedResult passedResult = new ClipsPassedResult()
                                        ^

file:/Users/alalzabarga/git/mediaProject/Scripts/CheckClips/Script1556616209170.groovy: 34: unable to resolve class ClipsFailedResult 
 @ line 34, column 23.
       ClipsFailedResult failedResult = new ClipsFailedResult()
                         ^

file:/Users/alalzabarga/git/mediaProject/Scripts/CheckClips/Script1556616209170.groovy: 34: unable to resolve class ClipsFailedResult 
 @ line 34, column 38.
       ClipsFailedResult failedResult = new ClipsFailedResult()
                                        ^

4 errors

	at com.kms.katalon.core.main.ScriptEngine.getScript(ScriptEngine.java:199)
	at com.kms.katalon.core.main.ScriptEngine.run(ScriptEngine.java:194)
	at com.kms.katalon.core.main.ScriptEngine.runScriptAsRawText(ScriptEngine.java:119)
	at com.kms.katalon.core.main.TestCaseExecutor.runScript(TestCaseExecutor.java:442)
	at com.kms.katalon.core.main.TestCaseExecutor.doExecute(TestCaseExecutor.java:433)
	at com.kms.katalon.core.main.TestCaseExecutor.processExecutionPhase(TestCaseExecutor.java:412)
	at com.kms.katalon.core.main.TestCaseExecutor.accessMainPhase(TestCaseExecutor.java:404)
	at com.kms.katalon.core.main.TestCaseExecutor.execute(TestCaseExecutor.java:281)
	at com.kms.katalon.core.main.TestSuiteExecutor.accessTestCaseMainPhase(TestSuiteExecutor.java:202)
	at com.kms.katalon.core.main.TestSuiteExecutor.accessTestSuiteMainPhase(TestSuiteExecutor.java:164)
	at com.kms.katalon.core.main.TestSuiteExecutor.execute(TestSuiteExecutor.java:105)
	at com.kms.katalon.core.main.TestCaseMain.startTestSuite(TestCaseMain.java:185)
	at com.kms.katalon.core.main.TestCaseMain$startTestSuite$0.call(Unknown Source)
	at TempTestSuite1643200458149.run(TempTestSuite1643200458149.groovy:36)]]></system-err>
   </testsuite>
</testsuites>
